running egg_info
creating ../build/r2d2_description/r2d2_description.egg-info
writing ../build/r2d2_description/r2d2_description.egg-info/PKG-INFO
writing dependency_links to ../build/r2d2_description/r2d2_description.egg-info/dependency_links.txt
writing entry points to ../build/r2d2_description/r2d2_description.egg-info/entry_points.txt
writing requirements to ../build/r2d2_description/r2d2_description.egg-info/requires.txt
writing top-level names to ../build/r2d2_description/r2d2_description.egg-info/top_level.txt
writing manifest file '../build/r2d2_description/r2d2_description.egg-info/SOURCES.txt'
reading manifest file '../build/r2d2_description/r2d2_description.egg-info/SOURCES.txt'
writing manifest file '../build/r2d2_description/r2d2_description.egg-info/SOURCES.txt'
running build
running build_py
creating /home/robot/ws_aprendendo_ros2/src/build/r2d2_description/build
creating /home/robot/ws_aprendendo_ros2/src/build/r2d2_description/build/lib
creating /home/robot/ws_aprendendo_ros2/src/build/r2d2_description/build/lib/r2d2_description
copying r2d2_description/__init__.py -> /home/robot/ws_aprendendo_ros2/src/build/r2d2_description/build/lib/r2d2_description
running install
running install_lib
creating /home/robot/ws_aprendendo_ros2/src/install/r2d2_description/lib/python3.10/site-packages/r2d2_description
copying /home/robot/ws_aprendendo_ros2/src/build/r2d2_description/build/lib/r2d2_description/__init__.py -> /home/robot/ws_aprendendo_ros2/src/install/r2d2_description/lib/python3.10/site-packages/r2d2_description
byte-compiling /home/robot/ws_aprendendo_ros2/src/install/r2d2_description/lib/python3.10/site-packages/r2d2_description/__init__.py to __init__.cpython-310.pyc
running install_data
creating /home/robot/ws_aprendendo_ros2/src/install/r2d2_description/share/ament_index
creating /home/robot/ws_aprendendo_ros2/src/install/r2d2_description/share/ament_index/resource_index
creating /home/robot/ws_aprendendo_ros2/src/install/r2d2_description/share/ament_index/resource_index/packages
copying resource/r2d2_description -> /home/robot/ws_aprendendo_ros2/src/install/r2d2_description/share/ament_index/resource_index/packages
copying package.xml -> /home/robot/ws_aprendendo_ros2/src/install/r2d2_description/share/r2d2_description
creating /home/robot/ws_aprendendo_ros2/src/install/r2d2_description/share/r2d2_description/launch
copying launch/display.launch.py -> /home/robot/ws_aprendendo_ros2/src/install/r2d2_description/share/r2d2_description/launch
copying launch/robot.launch.py -> /home/robot/ws_aprendendo_ros2/src/install/r2d2_description/share/r2d2_description/launch
creating /home/robot/ws_aprendendo_ros2/src/install/r2d2_description/share/r2d2_description/rviz
copying rviz/robot.rviz -> /home/robot/ws_aprendendo_ros2/src/install/r2d2_description/share/r2d2_description/rviz
creating /home/robot/ws_aprendendo_ros2/src/install/r2d2_description/share/r2d2_description/urdf
copying urdf/robot.urdf -> /home/robot/ws_aprendendo_ros2/src/install/r2d2_description/share/r2d2_description/urdf
running install_egg_info
Copying ../build/r2d2_description/r2d2_description.egg-info to /home/robot/ws_aprendendo_ros2/src/install/r2d2_description/lib/python3.10/site-packages/r2d2_description-0.0.0-py3.10.egg-info
running install_scripts
writing list of installed files to '/home/robot/ws_aprendendo_ros2/src/build/r2d2_description/install.log'
