[1.157s] Invoking command in '/home/robot/ws_aprendendo_ros2/src/pacote_de_exemplos': PYTHONPATH=/home/robot/ws_aprendendo_ros2/src/build/pacote_de_exemplos/prefix_override:/home/robot/ws_aprendendo_ros2/src/install/pacote_de_exemplos/lib/python3.10/site-packages:${PYTHONPATH} /usr/bin/python3 setup.py egg_info --egg-base ../build/pacote_de_exemplos build --build-base /home/robot/ws_aprendendo_ros2/src/build/pacote_de_exemplos/build install --record /home/robot/ws_aprendendo_ros2/src/build/pacote_de_exemplos/install.log --single-version-externally-managed
[1.617s] running egg_info
[1.622s] writing ../build/pacote_de_exemplos/pacote_de_exemplos.egg-info/PKG-INFO
[1.624s] writing dependency_links to ../build/pacote_de_exemplos/pacote_de_exemplos.egg-info/dependency_links.txt
[1.625s] writing entry points to ../build/pacote_de_exemplos/pacote_de_exemplos.egg-info/entry_points.txt
[1.627s] writing requirements to ../build/pacote_de_exemplos/pacote_de_exemplos.egg-info/requires.txt
[1.629s] writing top-level names to ../build/pacote_de_exemplos/pacote_de_exemplos.egg-info/top_level.txt
[1.644s] reading manifest file '../build/pacote_de_exemplos/pacote_de_exemplos.egg-info/SOURCES.txt'
[1.652s] writing manifest file '../build/pacote_de_exemplos/pacote_de_exemplos.egg-info/SOURCES.txt'
[1.652s] running build
[1.652s] running build_py
[1.653s] running install
[1.653s] running install_lib
[1.653s] running install_data
[1.657s] running install_egg_info
[1.660s] removing '/home/robot/ws_aprendendo_ros2/src/install/pacote_de_exemplos/lib/python3.10/site-packages/pacote_de_exemplos-0.0.0-py3.10.egg-info' (and everything under it)
[1.665s] Copying ../build/pacote_de_exemplos/pacote_de_exemplos.egg-info to /home/robot/ws_aprendendo_ros2/src/install/pacote_de_exemplos/lib/python3.10/site-packages/pacote_de_exemplos-0.0.0-py3.10.egg-info
[1.666s] running install_scripts
[1.694s] Installing checkpoints script to /home/robot/ws_aprendendo_ros2/src/install/pacote_de_exemplos/lib/pacote_de_exemplos
[1.695s] Installing no_com_classe script to /home/robot/ws_aprendendo_ros2/src/install/pacote_de_exemplos/lib/pacote_de_exemplos
[1.696s] Installing no_simples script to /home/robot/ws_aprendendo_ros2/src/install/pacote_de_exemplos/lib/pacote_de_exemplos
[1.697s] Installing r2d2 script to /home/robot/ws_aprendendo_ros2/src/install/pacote_de_exemplos/lib/pacote_de_exemplos
[1.698s] writing list of installed files to '/home/robot/ws_aprendendo_ros2/src/build/pacote_de_exemplos/install.log'
[1.756s] Invoked command in '/home/robot/ws_aprendendo_ros2/src/pacote_de_exemplos' returned '0': PYTHONPATH=/home/robot/ws_aprendendo_ros2/src/build/pacote_de_exemplos/prefix_override:/home/robot/ws_aprendendo_ros2/src/install/pacote_de_exemplos/lib/python3.10/site-packages:${PYTHONPATH} /usr/bin/python3 setup.py egg_info --egg-base ../build/pacote_de_exemplos build --build-base /home/robot/ws_aprendendo_ros2/src/build/pacote_de_exemplos/build install --record /home/robot/ws_aprendendo_ros2/src/build/pacote_de_exemplos/install.log --single-version-externally-managed
