[1.165s] Invoking command in '/home/robot/ws_aprendendo_ros2/src/meu_primeiro_pacote': PYTHONPATH=/home/robot/ws_aprendendo_ros2/src/build/meu_primeiro_pacote/prefix_override:/home/robot/ws_aprendendo_ros2/src/install/meu_primeiro_pacote/lib/python3.10/site-packages:${PYTHONPATH} /usr/bin/python3 setup.py egg_info --egg-base ../build/meu_primeiro_pacote build --build-base /home/robot/ws_aprendendo_ros2/src/build/meu_primeiro_pacote/build install --record /home/robot/ws_aprendendo_ros2/src/build/meu_primeiro_pacote/install.log --single-version-externally-managed
[1.658s] running egg_info
[1.659s] writing ../build/meu_primeiro_pacote/meu_primeiro_pacote.egg-info/PKG-INFO
[1.660s] writing dependency_links to ../build/meu_primeiro_pacote/meu_primeiro_pacote.egg-info/dependency_links.txt
[1.660s] writing entry points to ../build/meu_primeiro_pacote/meu_primeiro_pacote.egg-info/entry_points.txt
[1.660s] writing requirements to ../build/meu_primeiro_pacote/meu_primeiro_pacote.egg-info/requires.txt
[1.661s] writing top-level names to ../build/meu_primeiro_pacote/meu_primeiro_pacote.egg-info/top_level.txt
[1.663s] reading manifest file '../build/meu_primeiro_pacote/meu_primeiro_pacote.egg-info/SOURCES.txt'
[1.665s] writing manifest file '../build/meu_primeiro_pacote/meu_primeiro_pacote.egg-info/SOURCES.txt'
[1.665s] running build
[1.665s] running build_py
[1.666s] running install
[1.667s] running install_lib
[1.670s] running install_data
[1.671s] running install_egg_info
[1.673s] removing '/home/robot/ws_aprendendo_ros2/src/install/meu_primeiro_pacote/lib/python3.10/site-packages/meu_primeiro_pacote-0.0.0-py3.10.egg-info' (and everything under it)
[1.674s] Copying ../build/meu_primeiro_pacote/meu_primeiro_pacote.egg-info to /home/robot/ws_aprendendo_ros2/src/install/meu_primeiro_pacote/lib/python3.10/site-packages/meu_primeiro_pacote-0.0.0-py3.10.egg-info
[1.676s] running install_scripts
[1.731s] Installing listener script to /home/robot/ws_aprendendo_ros2/src/install/meu_primeiro_pacote/lib/meu_primeiro_pacote
[1.731s] Installing meu_primeiro_no = meu_primeiro_pacote.no_simples:mainno script to /home/robot/ws_aprendendo_ros2/src/install/meu_primeiro_pacote/lib/meu_primeiro_pacote
[1.731s] Installing r2d2 script to /home/robot/ws_aprendendo_ros2/src/install/meu_primeiro_pacote/lib/meu_primeiro_pacote
[1.731s] Installing talker script to /home/robot/ws_aprendendo_ros2/src/install/meu_primeiro_pacote/lib/meu_primeiro_pacote
[1.731s] writing list of installed files to '/home/robot/ws_aprendendo_ros2/src/build/meu_primeiro_pacote/install.log'
[1.789s] Invoked command in '/home/robot/ws_aprendendo_ros2/src/meu_primeiro_pacote' returned '0': PYTHONPATH=/home/robot/ws_aprendendo_ros2/src/build/meu_primeiro_pacote/prefix_override:/home/robot/ws_aprendendo_ros2/src/install/meu_primeiro_pacote/lib/python3.10/site-packages:${PYTHONPATH} /usr/bin/python3 setup.py egg_info --egg-base ../build/meu_primeiro_pacote build --build-base /home/robot/ws_aprendendo_ros2/src/build/meu_primeiro_pacote/build install --record /home/robot/ws_aprendendo_ros2/src/build/meu_primeiro_pacote/install.log --single-version-externally-managed
