[1.096s] Invoking command in '/home/robot/ws_aprendendo_ros2/src/meu_primeiro_pacote': PYTHONPATH=/home/robot/ws_aprendendo_ros2/src/build/meu_primeiro_pacote/prefix_override:/home/robot/ws_aprendendo_ros2/src/install/meu_primeiro_pacote/lib/python3.10/site-packages:${PYTHONPATH} /usr/bin/python3 setup.py egg_info --egg-base ../build/meu_primeiro_pacote build --build-base /home/robot/ws_aprendendo_ros2/src/build/meu_primeiro_pacote/build install --record /home/robot/ws_aprendendo_ros2/src/build/meu_primeiro_pacote/install.log --single-version-externally-managed
[1.518s] running egg_info
[1.523s] creating ../build/meu_primeiro_pacote/meu_primeiro_pacote.egg-info
[1.524s] writing ../build/meu_primeiro_pacote/meu_primeiro_pacote.egg-info/PKG-INFO
[1.525s] writing dependency_links to ../build/meu_primeiro_pacote/meu_primeiro_pacote.egg-info/dependency_links.txt
[1.527s] writing entry points to ../build/meu_primeiro_pacote/meu_primeiro_pacote.egg-info/entry_points.txt
[1.527s] writing requirements to ../build/meu_primeiro_pacote/meu_primeiro_pacote.egg-info/requires.txt
[1.528s] writing top-level names to ../build/meu_primeiro_pacote/meu_primeiro_pacote.egg-info/top_level.txt
[1.529s] writing manifest file '../build/meu_primeiro_pacote/meu_primeiro_pacote.egg-info/SOURCES.txt'
[1.540s] reading manifest file '../build/meu_primeiro_pacote/meu_primeiro_pacote.egg-info/SOURCES.txt'
[1.546s] writing manifest file '../build/meu_primeiro_pacote/meu_primeiro_pacote.egg-info/SOURCES.txt'
[1.546s] running build
[1.546s] running build_py
[1.546s] creating /home/robot/ws_aprendendo_ros2/src/build/meu_primeiro_pacote/build
[1.547s] creating /home/robot/ws_aprendendo_ros2/src/build/meu_primeiro_pacote/build/lib
[1.548s] creating /home/robot/ws_aprendendo_ros2/src/build/meu_primeiro_pacote/build/lib/meu_primeiro_pacote
[1.548s] copying meu_primeiro_pacote/__init__.py -> /home/robot/ws_aprendendo_ros2/src/build/meu_primeiro_pacote/build/lib/meu_primeiro_pacote
[1.549s] copying meu_primeiro_pacote/no_simples.py -> /home/robot/ws_aprendendo_ros2/src/build/meu_primeiro_pacote/build/lib/meu_primeiro_pacote
[1.551s] running install
[1.553s] running install_lib
[1.556s] creating /home/robot/ws_aprendendo_ros2/src/install/meu_primeiro_pacote/lib/python3.10/site-packages/meu_primeiro_pacote
[1.558s] copying /home/robot/ws_aprendendo_ros2/src/build/meu_primeiro_pacote/build/lib/meu_primeiro_pacote/__init__.py -> /home/robot/ws_aprendendo_ros2/src/install/meu_primeiro_pacote/lib/python3.10/site-packages/meu_primeiro_pacote
[1.558s] copying /home/robot/ws_aprendendo_ros2/src/build/meu_primeiro_pacote/build/lib/meu_primeiro_pacote/no_simples.py -> /home/robot/ws_aprendendo_ros2/src/install/meu_primeiro_pacote/lib/python3.10/site-packages/meu_primeiro_pacote
[1.561s] byte-compiling /home/robot/ws_aprendendo_ros2/src/install/meu_primeiro_pacote/lib/python3.10/site-packages/meu_primeiro_pacote/__init__.py to __init__.cpython-310.pyc
[1.564s] byte-compiling /home/robot/ws_aprendendo_ros2/src/install/meu_primeiro_pacote/lib/python3.10/site-packages/meu_primeiro_pacote/no_simples.py to no_simples.cpython-310.pyc
[1.573s] running install_data
[1.574s] creating /home/robot/ws_aprendendo_ros2/src/install/meu_primeiro_pacote/share/ament_index
[1.574s] creating /home/robot/ws_aprendendo_ros2/src/install/meu_primeiro_pacote/share/ament_index/resource_index
[1.574s] creating /home/robot/ws_aprendendo_ros2/src/install/meu_primeiro_pacote/share/ament_index/resource_index/packages
[1.575s] copying resource/meu_primeiro_pacote -> /home/robot/ws_aprendendo_ros2/src/install/meu_primeiro_pacote/share/ament_index/resource_index/packages
[1.575s] copying package.xml -> /home/robot/ws_aprendendo_ros2/src/install/meu_primeiro_pacote/share/meu_primeiro_pacote
[1.575s] running install_egg_info
[1.577s] Copying ../build/meu_primeiro_pacote/meu_primeiro_pacote.egg-info to /home/robot/ws_aprendendo_ros2/src/install/meu_primeiro_pacote/lib/python3.10/site-packages/meu_primeiro_pacote-0.0.0-py3.10.egg-info
[1.589s] running install_scripts
[1.616s] Installing meu_primeiro_no script to /home/robot/ws_aprendendo_ros2/src/install/meu_primeiro_pacote/lib/meu_primeiro_pacote
[1.617s] writing list of installed files to '/home/robot/ws_aprendendo_ros2/src/build/meu_primeiro_pacote/install.log'
[1.651s] Invoked command in '/home/robot/ws_aprendendo_ros2/src/meu_primeiro_pacote' returned '0': PYTHONPATH=/home/robot/ws_aprendendo_ros2/src/build/meu_primeiro_pacote/prefix_override:/home/robot/ws_aprendendo_ros2/src/install/meu_primeiro_pacote/lib/python3.10/site-packages:${PYTHONPATH} /usr/bin/python3 setup.py egg_info --egg-base ../build/meu_primeiro_pacote build --build-base /home/robot/ws_aprendendo_ros2/src/build/meu_primeiro_pacote/build install --record /home/robot/ws_aprendendo_ros2/src/build/meu_primeiro_pacote/install.log --single-version-externally-managed
