[1.122s] Invoking command in '/home/robot/ws_aprendendo_ros2/src/pacote_de_exemplos': PYTHONPATH=/home/robot/ws_aprendendo_ros2/src/build/pacote_de_exemplos/prefix_override:/home/robot/ws_aprendendo_ros2/src/install/pacote_de_exemplos/lib/python3.10/site-packages:${PYTHONPATH} /usr/bin/python3 setup.py egg_info --egg-base ../build/pacote_de_exemplos build --build-base /home/robot/ws_aprendendo_ros2/src/build/pacote_de_exemplos/build install --record /home/robot/ws_aprendendo_ros2/src/build/pacote_de_exemplos/install.log --single-version-externally-managed
[1.516s] running egg_info
[1.517s] writing ../build/pacote_de_exemplos/pacote_de_exemplos.egg-info/PKG-INFO
[1.519s] writing dependency_links to ../build/pacote_de_exemplos/pacote_de_exemplos.egg-info/dependency_links.txt
[1.520s] writing entry points to ../build/pacote_de_exemplos/pacote_de_exemplos.egg-info/entry_points.txt
[1.521s] writing requirements to ../build/pacote_de_exemplos/pacote_de_exemplos.egg-info/requires.txt
[1.522s] writing top-level names to ../build/pacote_de_exemplos/pacote_de_exemplos.egg-info/top_level.txt
[1.526s] reading manifest file '../build/pacote_de_exemplos/pacote_de_exemplos.egg-info/SOURCES.txt'
[1.534s] writing manifest file '../build/pacote_de_exemplos/pacote_de_exemplos.egg-info/SOURCES.txt'
[1.535s] running build
[1.536s] running build_py
[1.537s] running install
[1.538s] running install_lib
[1.541s] running install_data
[1.554s] running install_egg_info
[1.593s] removing '/home/robot/ws_aprendendo_ros2/src/install/pacote_de_exemplos/lib/python3.10/site-packages/pacote_de_exemplos-0.0.0-py3.10.egg-info' (and everything under it)
[1.596s] Copying ../build/pacote_de_exemplos/pacote_de_exemplos.egg-info to /home/robot/ws_aprendendo_ros2/src/install/pacote_de_exemplos/lib/python3.10/site-packages/pacote_de_exemplos-0.0.0-py3.10.egg-info
[1.610s] running install_scripts
[1.646s] Installing checkpoints script to /home/robot/ws_aprendendo_ros2/src/install/pacote_de_exemplos/lib/pacote_de_exemplos
[1.648s] Installing no_com_classe script to /home/robot/ws_aprendendo_ros2/src/install/pacote_de_exemplos/lib/pacote_de_exemplos
[1.650s] Installing no_simples script to /home/robot/ws_aprendendo_ros2/src/install/pacote_de_exemplos/lib/pacote_de_exemplos
[1.652s] Installing r2d2 script to /home/robot/ws_aprendendo_ros2/src/install/pacote_de_exemplos/lib/pacote_de_exemplos
[1.655s] writing list of installed files to '/home/robot/ws_aprendendo_ros2/src/build/pacote_de_exemplos/install.log'
[1.700s] Invoked command in '/home/robot/ws_aprendendo_ros2/src/pacote_de_exemplos' returned '0': PYTHONPATH=/home/robot/ws_aprendendo_ros2/src/build/pacote_de_exemplos/prefix_override:/home/robot/ws_aprendendo_ros2/src/install/pacote_de_exemplos/lib/python3.10/site-packages:${PYTHONPATH} /usr/bin/python3 setup.py egg_info --egg-base ../build/pacote_de_exemplos build --build-base /home/robot/ws_aprendendo_ros2/src/build/pacote_de_exemplos/build install --record /home/robot/ws_aprendendo_ros2/src/build/pacote_de_exemplos/install.log --single-version-externally-managed
