[0.417s] DEBUG:colcon:Command line arguments: ['/usr/bin/colcon', 'build']
[0.417s] DEBUG:colcon:Parsed command line arguments: Namespace(log_base=None, log_level=None, verb_name='build', build_base='build', install_base='install', merge_install=False, symlink_install=False, test_result_base=None, continue_on_error=False, executor='parallel', parallel_workers=2, event_handlers=None, ignore_user_meta=False, metas=['./colcon.meta'], base_paths=['.'], packages_ignore=None, packages_ignore_regex=None, paths=None, packages_up_to=None, packages_up_to_regex=None, packages_above=None, packages_above_and_dependencies=None, packages_above_depth=None, packages_select_by_dep=None, packages_skip_by_dep=None, packages_skip_up_to=None, packages_select_build_failed=False, packages_skip_build_finished=False, packages_select_test_failures=False, packages_skip_test_passed=False, packages_select=None, packages_skip=None, packages_select_regex=None, packages_skip_regex=None, packages_start=None, packages_end=None, cmake_args=None, cmake_target=None, cmake_target_skip_unavailable=False, cmake_clean_cache=False, cmake_clean_first=False, cmake_force_configure=False, ament_cmake_args=None, catkin_cmake_args=None, catkin_skip_building_tests=False, mixin_files=None, mixin=None, verb_parser=<colcon_mixin.mixin.mixin_argument.MixinArgumentDecorator object at 0x7077a66a3610>, verb_extension=<colcon_core.verb.build.BuildVerb object at 0x7077a64ad4b0>, main=<bound method BuildVerb.main of <colcon_core.verb.build.BuildVerb object at 0x7077a64ad4b0>>, mixin_verb=('build',))
[0.448s] Level 1:colcon.colcon_core.package_discovery:discover_packages(colcon_meta) check parameters
[0.449s] INFO:colcon.colcon_metadata.package_discovery.colcon_meta:Using configuration from '/root/.colcon/metadata/default/Gazebo.meta'
[0.449s] INFO:colcon.colcon_metadata.package_discovery.colcon_meta:Using configuration from '/root/.colcon/metadata/default/fastrtps.meta'
[0.449s] Level 1:colcon.colcon_core.package_discovery:discover_packages(recursive) check parameters
[0.450s] Level 1:colcon.colcon_core.package_discovery:discover_packages(ignore) check parameters
[0.450s] Level 1:colcon.colcon_core.package_discovery:discover_packages(path) check parameters
[0.450s] Level 1:colcon.colcon_core.package_discovery:discover_packages(colcon_meta) discover
[0.450s] Level 1:colcon.colcon_core.package_discovery:discover_packages(recursive) discover
[0.450s] INFO:colcon.colcon_core.package_discovery:Crawling recursively for packages in '/home/robot/ws_aprendendo_ros2/src'
[0.450s] Level 1:colcon.colcon_core.package_identification:_identify(.) by extensions ['ignore', 'ignore_ament_install']
[0.450s] Level 1:colcon.colcon_core.package_identification:_identify(.) by extension 'ignore'
[0.450s] Level 1:colcon.colcon_core.package_identification:_identify(.) by extension 'ignore_ament_install'
[0.450s] Level 1:colcon.colcon_core.package_identification:_identify(.) by extensions ['colcon_pkg']
[0.450s] Level 1:colcon.colcon_core.package_identification:_identify(.) by extension 'colcon_pkg'
[0.450s] Level 1:colcon.colcon_core.package_identification:_identify(.) by extensions ['colcon_meta']
[0.450s] Level 1:colcon.colcon_core.package_identification:_identify(.) by extension 'colcon_meta'
[0.451s] Level 1:colcon.colcon_core.package_identification:_identify(.) by extensions ['ros']
[0.451s] Level 1:colcon.colcon_core.package_identification:_identify(.) by extension 'ros'
[0.466s] Level 1:colcon.colcon_core.package_identification:_identify(.) by extensions ['cmake', 'python']
[0.466s] Level 1:colcon.colcon_core.package_identification:_identify(.) by extension 'cmake'
[0.466s] Level 1:colcon.colcon_core.package_identification:_identify(.) by extension 'python'
[0.466s] Level 1:colcon.colcon_core.package_identification:_identify(.) by extensions ['python_setup_py']
[0.466s] Level 1:colcon.colcon_core.package_identification:_identify(.) by extension 'python_setup_py'
[0.466s] Level 1:colcon.colcon_core.package_identification:_identify(build) by extensions ['ignore', 'ignore_ament_install']
[0.467s] Level 1:colcon.colcon_core.package_identification:_identify(build) by extension 'ignore'
[0.467s] Level 1:colcon.colcon_core.package_identification:_identify(build) ignored
[0.467s] Level 1:colcon.colcon_core.package_identification:_identify(install) by extensions ['ignore', 'ignore_ament_install']
[0.467s] Level 1:colcon.colcon_core.package_identification:_identify(install) by extension 'ignore'
[0.467s] Level 1:colcon.colcon_core.package_identification:_identify(install) ignored
[0.467s] Level 1:colcon.colcon_core.package_identification:_identify(log) by extensions ['ignore', 'ignore_ament_install']
[0.467s] Level 1:colcon.colcon_core.package_identification:_identify(log) by extension 'ignore'
[0.467s] Level 1:colcon.colcon_core.package_identification:_identify(log) ignored
[0.468s] Level 1:colcon.colcon_core.package_identification:_identify(meu_primeiro_pacote) by extensions ['ignore', 'ignore_ament_install']
[0.468s] Level 1:colcon.colcon_core.package_identification:_identify(meu_primeiro_pacote) by extension 'ignore'
[0.468s] Level 1:colcon.colcon_core.package_identification:_identify(meu_primeiro_pacote) by extension 'ignore_ament_install'
[0.468s] Level 1:colcon.colcon_core.package_identification:_identify(meu_primeiro_pacote) by extensions ['colcon_pkg']
[0.468s] Level 1:colcon.colcon_core.package_identification:_identify(meu_primeiro_pacote) by extension 'colcon_pkg'
[0.468s] Level 1:colcon.colcon_core.package_identification:_identify(meu_primeiro_pacote) by extensions ['colcon_meta']
[0.468s] Level 1:colcon.colcon_core.package_identification:_identify(meu_primeiro_pacote) by extension 'colcon_meta'
[0.468s] Level 1:colcon.colcon_core.package_identification:_identify(meu_primeiro_pacote) by extensions ['ros']
[0.468s] Level 1:colcon.colcon_core.package_identification:_identify(meu_primeiro_pacote) by extension 'ros'
[0.471s] DEBUG:colcon.colcon_core.package_identification:Package 'meu_primeiro_pacote' with type 'ros.ament_python' and name 'meu_primeiro_pacote'
[0.471s] Level 1:colcon.colcon_core.package_identification:_identify(pacote_de_exemplos) by extensions ['ignore', 'ignore_ament_install']
[0.471s] Level 1:colcon.colcon_core.package_identification:_identify(pacote_de_exemplos) by extension 'ignore'
[0.472s] Level 1:colcon.colcon_core.package_identification:_identify(pacote_de_exemplos) by extension 'ignore_ament_install'
[0.472s] Level 1:colcon.colcon_core.package_identification:_identify(pacote_de_exemplos) by extensions ['colcon_pkg']
[0.472s] Level 1:colcon.colcon_core.package_identification:_identify(pacote_de_exemplos) by extension 'colcon_pkg'
[0.472s] Level 1:colcon.colcon_core.package_identification:_identify(pacote_de_exemplos) by extensions ['colcon_meta']
[0.472s] Level 1:colcon.colcon_core.package_identification:_identify(pacote_de_exemplos) by extension 'colcon_meta'
[0.472s] Level 1:colcon.colcon_core.package_identification:_identify(pacote_de_exemplos) by extensions ['ros']
[0.472s] Level 1:colcon.colcon_core.package_identification:_identify(pacote_de_exemplos) by extension 'ros'
[0.473s] DEBUG:colcon.colcon_core.package_identification:Package 'pacote_de_exemplos' with type 'ros.ament_python' and name 'pacote_de_exemplos'
[0.473s] Level 1:colcon.colcon_core.package_identification:_identify(r2d2_description) by extensions ['ignore', 'ignore_ament_install']
[0.473s] Level 1:colcon.colcon_core.package_identification:_identify(r2d2_description) by extension 'ignore'
[0.473s] Level 1:colcon.colcon_core.package_identification:_identify(r2d2_description) by extension 'ignore_ament_install'
[0.473s] Level 1:colcon.colcon_core.package_identification:_identify(r2d2_description) by extensions ['colcon_pkg']
[0.473s] Level 1:colcon.colcon_core.package_identification:_identify(r2d2_description) by extension 'colcon_pkg'
[0.473s] Level 1:colcon.colcon_core.package_identification:_identify(r2d2_description) by extensions ['colcon_meta']
[0.473s] Level 1:colcon.colcon_core.package_identification:_identify(r2d2_description) by extension 'colcon_meta'
[0.473s] Level 1:colcon.colcon_core.package_identification:_identify(r2d2_description) by extensions ['ros']
[0.473s] Level 1:colcon.colcon_core.package_identification:_identify(r2d2_description) by extension 'ros'
[0.474s] DEBUG:colcon.colcon_core.package_identification:Package 'r2d2_description' with type 'ros.ament_python' and name 'r2d2_description'
[0.474s] Level 1:colcon.colcon_core.package_discovery:discover_packages(recursive) using defaults
[0.474s] Level 1:colcon.colcon_core.package_discovery:discover_packages(ignore) discover
[0.474s] Level 1:colcon.colcon_core.package_discovery:discover_packages(ignore) using defaults
[0.474s] Level 1:colcon.colcon_core.package_discovery:discover_packages(path) discover
[0.474s] Level 1:colcon.colcon_core.package_discovery:discover_packages(path) using defaults
[0.510s] Level 5:colcon.colcon_core.verb:set package 'meu_primeiro_pacote' build argument 'cmake_args' from command line to 'None'
[0.510s] Level 5:colcon.colcon_core.verb:set package 'meu_primeiro_pacote' build argument 'cmake_target' from command line to 'None'
[0.510s] Level 5:colcon.colcon_core.verb:set package 'meu_primeiro_pacote' build argument 'cmake_target_skip_unavailable' from command line to 'False'
[0.510s] Level 5:colcon.colcon_core.verb:set package 'meu_primeiro_pacote' build argument 'cmake_clean_cache' from command line to 'False'
[0.510s] Level 5:colcon.colcon_core.verb:set package 'meu_primeiro_pacote' build argument 'cmake_clean_first' from command line to 'False'
[0.510s] Level 5:colcon.colcon_core.verb:set package 'meu_primeiro_pacote' build argument 'cmake_force_configure' from command line to 'False'
[0.510s] Level 5:colcon.colcon_core.verb:set package 'meu_primeiro_pacote' build argument 'ament_cmake_args' from command line to 'None'
[0.510s] Level 5:colcon.colcon_core.verb:set package 'meu_primeiro_pacote' build argument 'catkin_cmake_args' from command line to 'None'
[0.510s] Level 5:colcon.colcon_core.verb:set package 'meu_primeiro_pacote' build argument 'catkin_skip_building_tests' from command line to 'False'
[0.510s] DEBUG:colcon.colcon_core.verb:Building package 'meu_primeiro_pacote' with the following arguments: {'ament_cmake_args': None, 'build_base': '/home/robot/ws_aprendendo_ros2/src/build/meu_primeiro_pacote', 'catkin_cmake_args': None, 'catkin_skip_building_tests': False, 'cmake_args': None, 'cmake_clean_cache': False, 'cmake_clean_first': False, 'cmake_force_configure': False, 'cmake_target': None, 'cmake_target_skip_unavailable': False, 'install_base': '/home/robot/ws_aprendendo_ros2/src/install/meu_primeiro_pacote', 'merge_install': False, 'path': '/home/robot/ws_aprendendo_ros2/src/meu_primeiro_pacote', 'symlink_install': False, 'test_result_base': None}
[0.512s] Level 5:colcon.colcon_core.verb:set package 'pacote_de_exemplos' build argument 'cmake_args' from command line to 'None'
[0.512s] Level 5:colcon.colcon_core.verb:set package 'pacote_de_exemplos' build argument 'cmake_target' from command line to 'None'
[0.512s] Level 5:colcon.colcon_core.verb:set package 'pacote_de_exemplos' build argument 'cmake_target_skip_unavailable' from command line to 'False'
[0.512s] Level 5:colcon.colcon_core.verb:set package 'pacote_de_exemplos' build argument 'cmake_clean_cache' from command line to 'False'
[0.512s] Level 5:colcon.colcon_core.verb:set package 'pacote_de_exemplos' build argument 'cmake_clean_first' from command line to 'False'
[0.512s] Level 5:colcon.colcon_core.verb:set package 'pacote_de_exemplos' build argument 'cmake_force_configure' from command line to 'False'
[0.512s] Level 5:colcon.colcon_core.verb:set package 'pacote_de_exemplos' build argument 'ament_cmake_args' from command line to 'None'
[0.512s] Level 5:colcon.colcon_core.verb:set package 'pacote_de_exemplos' build argument 'catkin_cmake_args' from command line to 'None'
[0.512s] Level 5:colcon.colcon_core.verb:set package 'pacote_de_exemplos' build argument 'catkin_skip_building_tests' from command line to 'False'
[0.512s] DEBUG:colcon.colcon_core.verb:Building package 'pacote_de_exemplos' with the following arguments: {'ament_cmake_args': None, 'build_base': '/home/robot/ws_aprendendo_ros2/src/build/pacote_de_exemplos', 'catkin_cmake_args': None, 'catkin_skip_building_tests': False, 'cmake_args': None, 'cmake_clean_cache': False, 'cmake_clean_first': False, 'cmake_force_configure': False, 'cmake_target': None, 'cmake_target_skip_unavailable': False, 'install_base': '/home/robot/ws_aprendendo_ros2/src/install/pacote_de_exemplos', 'merge_install': False, 'path': '/home/robot/ws_aprendendo_ros2/src/pacote_de_exemplos', 'symlink_install': False, 'test_result_base': None}
[0.514s] Level 5:colcon.colcon_core.verb:set package 'r2d2_description' build argument 'cmake_args' from command line to 'None'
[0.514s] Level 5:colcon.colcon_core.verb:set package 'r2d2_description' build argument 'cmake_target' from command line to 'None'
[0.514s] Level 5:colcon.colcon_core.verb:set package 'r2d2_description' build argument 'cmake_target_skip_unavailable' from command line to 'False'
[0.514s] Level 5:colcon.colcon_core.verb:set package 'r2d2_description' build argument 'cmake_clean_cache' from command line to 'False'
[0.514s] Level 5:colcon.colcon_core.verb:set package 'r2d2_description' build argument 'cmake_clean_first' from command line to 'False'
[0.514s] Level 5:colcon.colcon_core.verb:set package 'r2d2_description' build argument 'cmake_force_configure' from command line to 'False'
[0.514s] Level 5:colcon.colcon_core.verb:set package 'r2d2_description' build argument 'ament_cmake_args' from command line to 'None'
[0.514s] Level 5:colcon.colcon_core.verb:set package 'r2d2_description' build argument 'catkin_cmake_args' from command line to 'None'
[0.514s] Level 5:colcon.colcon_core.verb:set package 'r2d2_description' build argument 'catkin_skip_building_tests' from command line to 'False'
[0.514s] DEBUG:colcon.colcon_core.verb:Building package 'r2d2_description' with the following arguments: {'ament_cmake_args': None, 'build_base': '/home/robot/ws_aprendendo_ros2/src/build/r2d2_description', 'catkin_cmake_args': None, 'catkin_skip_building_tests': False, 'cmake_args': None, 'cmake_clean_cache': False, 'cmake_clean_first': False, 'cmake_force_configure': False, 'cmake_target': None, 'cmake_target_skip_unavailable': False, 'install_base': '/home/robot/ws_aprendendo_ros2/src/install/r2d2_description', 'merge_install': False, 'path': '/home/robot/ws_aprendendo_ros2/src/r2d2_description', 'symlink_install': False, 'test_result_base': None}
[0.515s] INFO:colcon.colcon_core.executor:Executing jobs using 'parallel' executor
[0.520s] DEBUG:colcon.colcon_parallel_executor.executor.parallel:run_until_complete
[0.520s] INFO:colcon.colcon_ros.task.ament_python.build:Building ROS package in '/home/robot/ws_aprendendo_ros2/src/meu_primeiro_pacote' with build type 'ament_python'
[0.520s] Level 1:colcon.colcon_core.shell:create_environment_hook('meu_primeiro_pacote', 'ament_prefix_path')
[0.526s] INFO:colcon.colcon_core.plugin_system:Skipping extension 'colcon_core.shell.bat': Not used on non-Windows systems
[0.527s] INFO:colcon.colcon_core.shell:Creating environment hook '/home/robot/ws_aprendendo_ros2/src/install/meu_primeiro_pacote/share/meu_primeiro_pacote/hook/ament_prefix_path.ps1'
[0.527s] INFO:colcon.colcon_core.shell:Creating environment descriptor '/home/robot/ws_aprendendo_ros2/src/install/meu_primeiro_pacote/share/meu_primeiro_pacote/hook/ament_prefix_path.dsv'
[0.528s] INFO:colcon.colcon_core.shell:Creating environment hook '/home/robot/ws_aprendendo_ros2/src/install/meu_primeiro_pacote/share/meu_primeiro_pacote/hook/ament_prefix_path.sh'
[0.531s] INFO:colcon.colcon_core.shell:Skip shell extension 'powershell' for command environment: Not usable outside of PowerShell
[0.531s] DEBUG:colcon.colcon_core.shell:Skip shell extension 'dsv' for command environment
[0.543s] INFO:colcon.colcon_ros.task.ament_python.build:Building ROS package in '/home/robot/ws_aprendendo_ros2/src/pacote_de_exemplos' with build type 'ament_python'
[0.543s] Level 1:colcon.colcon_core.shell:create_environment_hook('pacote_de_exemplos', 'ament_prefix_path')
[0.545s] INFO:colcon.colcon_core.shell:Creating environment hook '/home/robot/ws_aprendendo_ros2/src/install/pacote_de_exemplos/share/pacote_de_exemplos/hook/ament_prefix_path.ps1'
[0.546s] INFO:colcon.colcon_core.shell:Creating environment descriptor '/home/robot/ws_aprendendo_ros2/src/install/pacote_de_exemplos/share/pacote_de_exemplos/hook/ament_prefix_path.dsv'
[0.546s] INFO:colcon.colcon_core.shell:Creating environment hook '/home/robot/ws_aprendendo_ros2/src/install/pacote_de_exemplos/share/pacote_de_exemplos/hook/ament_prefix_path.sh'
[0.548s] INFO:colcon.colcon_core.shell:Skip shell extension 'powershell' for command environment: Not usable outside of PowerShell
[0.548s] DEBUG:colcon.colcon_core.shell:Skip shell extension 'dsv' for command environment
[0.826s] INFO:colcon.colcon_core.task.python.build:Building Python package in '/home/robot/ws_aprendendo_ros2/src/meu_primeiro_pacote'
[0.828s] INFO:colcon.colcon_core.shell:Skip shell extension 'powershell' for command environment: Not usable outside of PowerShell
[0.828s] DEBUG:colcon.colcon_core.shell:Skip shell extension 'dsv' for command environment
[1.102s] INFO:colcon.colcon_core.task.python.build:Building Python package in '/home/robot/ws_aprendendo_ros2/src/pacote_de_exemplos'
[1.104s] INFO:colcon.colcon_core.shell:Skip shell extension 'powershell' for command environment: Not usable outside of PowerShell
[1.104s] DEBUG:colcon.colcon_core.shell:Skip shell extension 'dsv' for command environment
[1.654s] DEBUG:colcon.colcon_core.event_handler.log_command:Invoking command in '/home/robot/ws_aprendendo_ros2/src/pacote_de_exemplos': PYTHONPATH=/home/robot/ws_aprendendo_ros2/src/build/pacote_de_exemplos/prefix_override:/home/robot/ws_aprendendo_ros2/src/install/pacote_de_exemplos/lib/python3.10/site-packages:${PYTHONPATH} /usr/bin/python3 setup.py egg_info --egg-base ../build/pacote_de_exemplos build --build-base /home/robot/ws_aprendendo_ros2/src/build/pacote_de_exemplos/build install --record /home/robot/ws_aprendendo_ros2/src/build/pacote_de_exemplos/install.log --single-version-externally-managed
[1.686s] DEBUG:colcon.colcon_core.event_handler.log_command:Invoking command in '/home/robot/ws_aprendendo_ros2/src/meu_primeiro_pacote': PYTHONPATH=/home/robot/ws_aprendendo_ros2/src/build/meu_primeiro_pacote/prefix_override:/home/robot/ws_aprendendo_ros2/src/install/meu_primeiro_pacote/lib/python3.10/site-packages:${PYTHONPATH} /usr/bin/python3 setup.py egg_info --egg-base ../build/meu_primeiro_pacote build --build-base /home/robot/ws_aprendendo_ros2/src/build/meu_primeiro_pacote/build install --record /home/robot/ws_aprendendo_ros2/src/build/meu_primeiro_pacote/install.log --single-version-externally-managed
[2.160s] DEBUG:colcon.colcon_core.event_handler.log_command:Invoked command in '/home/robot/ws_aprendendo_ros2/src/meu_primeiro_pacote' returned '0': PYTHONPATH=/home/robot/ws_aprendendo_ros2/src/build/meu_primeiro_pacote/prefix_override:/home/robot/ws_aprendendo_ros2/src/install/meu_primeiro_pacote/lib/python3.10/site-packages:${PYTHONPATH} /usr/bin/python3 setup.py egg_info --egg-base ../build/meu_primeiro_pacote build --build-base /home/robot/ws_aprendendo_ros2/src/build/meu_primeiro_pacote/build install --record /home/robot/ws_aprendendo_ros2/src/build/meu_primeiro_pacote/install.log --single-version-externally-managed
[2.166s] Level 1:colcon.colcon_core.environment:checking '/home/robot/ws_aprendendo_ros2/src/install/meu_primeiro_pacote' for CMake module files
[2.167s] Level 1:colcon.colcon_core.environment:checking '/home/robot/ws_aprendendo_ros2/src/install/meu_primeiro_pacote' for CMake config files
[2.168s] Level 1:colcon.colcon_core.environment:checking '/home/robot/ws_aprendendo_ros2/src/install/meu_primeiro_pacote/lib'
[2.168s] Level 1:colcon.colcon_core.environment:checking '/home/robot/ws_aprendendo_ros2/src/install/meu_primeiro_pacote/bin'
[2.168s] Level 1:colcon.colcon_core.environment:checking '/home/robot/ws_aprendendo_ros2/src/install/meu_primeiro_pacote/lib/pkgconfig/meu_primeiro_pacote.pc'
[2.169s] Level 1:colcon.colcon_core.environment:checking '/home/robot/ws_aprendendo_ros2/src/install/meu_primeiro_pacote/lib/python3.10/site-packages'
[2.169s] Level 1:colcon.colcon_core.shell:create_environment_hook('meu_primeiro_pacote', 'pythonpath')
[2.171s] INFO:colcon.colcon_core.shell:Creating environment hook '/home/robot/ws_aprendendo_ros2/src/install/meu_primeiro_pacote/share/meu_primeiro_pacote/hook/pythonpath.ps1'
[2.172s] INFO:colcon.colcon_core.shell:Creating environment descriptor '/home/robot/ws_aprendendo_ros2/src/install/meu_primeiro_pacote/share/meu_primeiro_pacote/hook/pythonpath.dsv'
[2.173s] INFO:colcon.colcon_core.shell:Creating environment hook '/home/robot/ws_aprendendo_ros2/src/install/meu_primeiro_pacote/share/meu_primeiro_pacote/hook/pythonpath.sh'
[2.173s] Level 1:colcon.colcon_core.environment:checking '/home/robot/ws_aprendendo_ros2/src/install/meu_primeiro_pacote/bin'
[2.173s] Level 1:colcon.colcon_core.environment:create_environment_scripts_only(meu_primeiro_pacote)
[2.176s] INFO:colcon.colcon_core.shell:Creating package script '/home/robot/ws_aprendendo_ros2/src/install/meu_primeiro_pacote/share/meu_primeiro_pacote/package.ps1'
[2.178s] INFO:colcon.colcon_core.shell:Creating package descriptor '/home/robot/ws_aprendendo_ros2/src/install/meu_primeiro_pacote/share/meu_primeiro_pacote/package.dsv'
[2.179s] INFO:colcon.colcon_core.shell:Creating package script '/home/robot/ws_aprendendo_ros2/src/install/meu_primeiro_pacote/share/meu_primeiro_pacote/package.sh'
[2.181s] INFO:colcon.colcon_core.shell:Creating package script '/home/robot/ws_aprendendo_ros2/src/install/meu_primeiro_pacote/share/meu_primeiro_pacote/package.bash'
[2.182s] INFO:colcon.colcon_core.shell:Creating package script '/home/robot/ws_aprendendo_ros2/src/install/meu_primeiro_pacote/share/meu_primeiro_pacote/package.zsh'
[2.184s] Level 1:colcon.colcon_core.environment:create_file_with_runtime_dependencies(/home/robot/ws_aprendendo_ros2/src/install/meu_primeiro_pacote/share/colcon-core/packages/meu_primeiro_pacote)
[2.186s] INFO:colcon.colcon_ros.task.ament_python.build:Building ROS package in '/home/robot/ws_aprendendo_ros2/src/r2d2_description' with build type 'ament_python'
[2.187s] Level 1:colcon.colcon_core.shell:create_environment_hook('r2d2_description', 'ament_prefix_path')
[2.189s] INFO:colcon.colcon_core.shell:Creating environment hook '/home/robot/ws_aprendendo_ros2/src/install/r2d2_description/share/r2d2_description/hook/ament_prefix_path.ps1'
[2.190s] INFO:colcon.colcon_core.shell:Creating environment descriptor '/home/robot/ws_aprendendo_ros2/src/install/r2d2_description/share/r2d2_description/hook/ament_prefix_path.dsv'
[2.190s] INFO:colcon.colcon_core.shell:Creating environment hook '/home/robot/ws_aprendendo_ros2/src/install/r2d2_description/share/r2d2_description/hook/ament_prefix_path.sh'
[2.196s] INFO:colcon.colcon_core.shell:Skip shell extension 'powershell' for command environment: Not usable outside of PowerShell
[2.196s] DEBUG:colcon.colcon_core.shell:Skip shell extension 'dsv' for command environment
[2.478s] INFO:colcon.colcon_core.task.python.build:Building Python package in '/home/robot/ws_aprendendo_ros2/src/r2d2_description'
[2.479s] INFO:colcon.colcon_core.shell:Skip shell extension 'powershell' for command environment: Not usable outside of PowerShell
[2.479s] DEBUG:colcon.colcon_core.shell:Skip shell extension 'dsv' for command environment
[2.488s] Level 1:colcon.colcon_core.environment:checking '/home/robot/ws_aprendendo_ros2/src/install/pacote_de_exemplos' for CMake module files
[2.489s] DEBUG:colcon.colcon_core.event_handler.log_command:Invoked command in '/home/robot/ws_aprendendo_ros2/src/pacote_de_exemplos' returned '0': PYTHONPATH=/home/robot/ws_aprendendo_ros2/src/build/pacote_de_exemplos/prefix_override:/home/robot/ws_aprendendo_ros2/src/install/pacote_de_exemplos/lib/python3.10/site-packages:${PYTHONPATH} /usr/bin/python3 setup.py egg_info --egg-base ../build/pacote_de_exemplos build --build-base /home/robot/ws_aprendendo_ros2/src/build/pacote_de_exemplos/build install --record /home/robot/ws_aprendendo_ros2/src/build/pacote_de_exemplos/install.log --single-version-externally-managed
[2.490s] Level 1:colcon.colcon_core.environment:checking '/home/robot/ws_aprendendo_ros2/src/install/pacote_de_exemplos' for CMake config files
[2.491s] Level 1:colcon.colcon_core.environment:checking '/home/robot/ws_aprendendo_ros2/src/install/pacote_de_exemplos/lib'
[2.491s] Level 1:colcon.colcon_core.environment:checking '/home/robot/ws_aprendendo_ros2/src/install/pacote_de_exemplos/bin'
[2.491s] Level 1:colcon.colcon_core.environment:checking '/home/robot/ws_aprendendo_ros2/src/install/pacote_de_exemplos/lib/pkgconfig/pacote_de_exemplos.pc'
[2.491s] Level 1:colcon.colcon_core.environment:checking '/home/robot/ws_aprendendo_ros2/src/install/pacote_de_exemplos/lib/python3.10/site-packages'
[2.491s] Level 1:colcon.colcon_core.shell:create_environment_hook('pacote_de_exemplos', 'pythonpath')
[2.492s] INFO:colcon.colcon_core.shell:Creating environment hook '/home/robot/ws_aprendendo_ros2/src/install/pacote_de_exemplos/share/pacote_de_exemplos/hook/pythonpath.ps1'
[2.493s] INFO:colcon.colcon_core.shell:Creating environment descriptor '/home/robot/ws_aprendendo_ros2/src/install/pacote_de_exemplos/share/pacote_de_exemplos/hook/pythonpath.dsv'
[2.493s] INFO:colcon.colcon_core.shell:Creating environment hook '/home/robot/ws_aprendendo_ros2/src/install/pacote_de_exemplos/share/pacote_de_exemplos/hook/pythonpath.sh'
[2.494s] Level 1:colcon.colcon_core.environment:checking '/home/robot/ws_aprendendo_ros2/src/install/pacote_de_exemplos/bin'
[2.494s] Level 1:colcon.colcon_core.environment:create_environment_scripts_only(pacote_de_exemplos)
[2.495s] INFO:colcon.colcon_core.shell:Creating package script '/home/robot/ws_aprendendo_ros2/src/install/pacote_de_exemplos/share/pacote_de_exemplos/package.ps1'
[2.496s] INFO:colcon.colcon_core.shell:Creating package descriptor '/home/robot/ws_aprendendo_ros2/src/install/pacote_de_exemplos/share/pacote_de_exemplos/package.dsv'
[2.496s] INFO:colcon.colcon_core.shell:Creating package script '/home/robot/ws_aprendendo_ros2/src/install/pacote_de_exemplos/share/pacote_de_exemplos/package.sh'
[2.497s] INFO:colcon.colcon_core.shell:Creating package script '/home/robot/ws_aprendendo_ros2/src/install/pacote_de_exemplos/share/pacote_de_exemplos/package.bash'
[2.497s] INFO:colcon.colcon_core.shell:Creating package script '/home/robot/ws_aprendendo_ros2/src/install/pacote_de_exemplos/share/pacote_de_exemplos/package.zsh'
[2.498s] Level 1:colcon.colcon_core.environment:create_file_with_runtime_dependencies(/home/robot/ws_aprendendo_ros2/src/install/pacote_de_exemplos/share/colcon-core/packages/pacote_de_exemplos)
[2.841s] DEBUG:colcon.colcon_core.event_handler.log_command:Invoking command in '/home/robot/ws_aprendendo_ros2/src/r2d2_description': PYTHONPATH=/home/robot/ws_aprendendo_ros2/src/build/r2d2_description/prefix_override:/home/robot/ws_aprendendo_ros2/src/install/r2d2_description/lib/python3.10/site-packages:${PYTHONPATH} /usr/bin/python3 setup.py egg_info --egg-base ../build/r2d2_description build --build-base /home/robot/ws_aprendendo_ros2/src/build/r2d2_description/build install --record /home/robot/ws_aprendendo_ros2/src/build/r2d2_description/install.log --single-version-externally-managed
[3.156s] Level 1:colcon.colcon_core.environment:checking '/home/robot/ws_aprendendo_ros2/src/install/r2d2_description' for CMake module files
[3.157s] DEBUG:colcon.colcon_core.event_handler.log_command:Invoked command in '/home/robot/ws_aprendendo_ros2/src/r2d2_description' returned '0': PYTHONPATH=/home/robot/ws_aprendendo_ros2/src/build/r2d2_description/prefix_override:/home/robot/ws_aprendendo_ros2/src/install/r2d2_description/lib/python3.10/site-packages:${PYTHONPATH} /usr/bin/python3 setup.py egg_info --egg-base ../build/r2d2_description build --build-base /home/robot/ws_aprendendo_ros2/src/build/r2d2_description/build install --record /home/robot/ws_aprendendo_ros2/src/build/r2d2_description/install.log --single-version-externally-managed
[3.158s] Level 1:colcon.colcon_core.environment:checking '/home/robot/ws_aprendendo_ros2/src/install/r2d2_description' for CMake config files
[3.158s] Level 1:colcon.colcon_core.environment:checking '/home/robot/ws_aprendendo_ros2/src/install/r2d2_description/lib'
[3.158s] Level 1:colcon.colcon_core.environment:checking '/home/robot/ws_aprendendo_ros2/src/install/r2d2_description/bin'
[3.159s] Level 1:colcon.colcon_core.environment:checking '/home/robot/ws_aprendendo_ros2/src/install/r2d2_description/lib/pkgconfig/r2d2_description.pc'
[3.159s] Level 1:colcon.colcon_core.environment:checking '/home/robot/ws_aprendendo_ros2/src/install/r2d2_description/lib/python3.10/site-packages'
[3.159s] Level 1:colcon.colcon_core.shell:create_environment_hook('r2d2_description', 'pythonpath')
[3.161s] INFO:colcon.colcon_core.shell:Creating environment hook '/home/robot/ws_aprendendo_ros2/src/install/r2d2_description/share/r2d2_description/hook/pythonpath.ps1'
[3.161s] INFO:colcon.colcon_core.shell:Creating environment descriptor '/home/robot/ws_aprendendo_ros2/src/install/r2d2_description/share/r2d2_description/hook/pythonpath.dsv'
[3.162s] INFO:colcon.colcon_core.shell:Creating environment hook '/home/robot/ws_aprendendo_ros2/src/install/r2d2_description/share/r2d2_description/hook/pythonpath.sh'
[3.162s] Level 1:colcon.colcon_core.environment:checking '/home/robot/ws_aprendendo_ros2/src/install/r2d2_description/bin'
[3.162s] Level 1:colcon.colcon_core.environment:create_environment_scripts_only(r2d2_description)
[3.163s] INFO:colcon.colcon_core.shell:Creating package script '/home/robot/ws_aprendendo_ros2/src/install/r2d2_description/share/r2d2_description/package.ps1'
[3.164s] INFO:colcon.colcon_core.shell:Creating package descriptor '/home/robot/ws_aprendendo_ros2/src/install/r2d2_description/share/r2d2_description/package.dsv'
[3.164s] INFO:colcon.colcon_core.shell:Creating package script '/home/robot/ws_aprendendo_ros2/src/install/r2d2_description/share/r2d2_description/package.sh'
[3.165s] INFO:colcon.colcon_core.shell:Creating package script '/home/robot/ws_aprendendo_ros2/src/install/r2d2_description/share/r2d2_description/package.bash'
[3.165s] INFO:colcon.colcon_core.shell:Creating package script '/home/robot/ws_aprendendo_ros2/src/install/r2d2_description/share/r2d2_description/package.zsh'
[3.166s] Level 1:colcon.colcon_core.environment:create_file_with_runtime_dependencies(/home/robot/ws_aprendendo_ros2/src/install/r2d2_description/share/colcon-core/packages/r2d2_description)
[3.166s] DEBUG:colcon.colcon_parallel_executor.executor.parallel:closing loop
[3.167s] DEBUG:colcon.colcon_parallel_executor.executor.parallel:loop closed
[3.167s] DEBUG:colcon.colcon_parallel_executor.executor.parallel:run_until_complete finished with '0'
[3.168s] DEBUG:colcon.colcon_core.event_reactor:joining thread
[3.174s] INFO:colcon.colcon_core.plugin_system:Skipping extension 'colcon_notification.desktop_notification.notify_send': Could not find 'notify-send'
[3.174s] INFO:colcon.colcon_core.plugin_system:Skipping extension 'colcon_notification.desktop_notification.terminal_notifier': Not used on non-Darwin systems
[3.174s] INFO:colcon.colcon_core.plugin_system:Skipping extension 'colcon_notification.desktop_notification.win32': Not used on non-Windows systems
[3.174s] INFO:colcon.colcon_notification.desktop_notification:Sending desktop notification using 'notify2'
[3.178s] DEBUG:colcon.colcon_notification.desktop_notification.notify2:Failed to initialize notify2: org.freedesktop.DBus.Error.Spawn.ExecFailed: /usr/bin/dbus-launch terminated abnormally without any error message
[3.178s] DEBUG:colcon.colcon_core.event_reactor:joined thread
[3.180s] INFO:colcon.colcon_core.shell:Creating prefix script '/home/robot/ws_aprendendo_ros2/src/install/local_setup.ps1'
[3.181s] INFO:colcon.colcon_core.shell:Creating prefix util module '/home/robot/ws_aprendendo_ros2/src/install/_local_setup_util_ps1.py'
[3.182s] INFO:colcon.colcon_core.shell:Creating prefix chain script '/home/robot/ws_aprendendo_ros2/src/install/setup.ps1'
[3.184s] INFO:colcon.colcon_core.shell:Creating prefix script '/home/robot/ws_aprendendo_ros2/src/install/local_setup.sh'
[3.184s] INFO:colcon.colcon_core.shell:Creating prefix util module '/home/robot/ws_aprendendo_ros2/src/install/_local_setup_util_sh.py'
[3.185s] INFO:colcon.colcon_core.shell:Creating prefix chain script '/home/robot/ws_aprendendo_ros2/src/install/setup.sh'
[3.187s] INFO:colcon.colcon_core.shell:Creating prefix script '/home/robot/ws_aprendendo_ros2/src/install/local_setup.bash'
[3.187s] INFO:colcon.colcon_core.shell:Creating prefix chain script '/home/robot/ws_aprendendo_ros2/src/install/setup.bash'
[3.189s] INFO:colcon.colcon_core.shell:Creating prefix script '/home/robot/ws_aprendendo_ros2/src/install/local_setup.zsh'
[3.189s] INFO:colcon.colcon_core.shell:Creating prefix chain script '/home/robot/ws_aprendendo_ros2/src/install/setup.zsh'
