[1.192s] Invoking command in '/home/robot/ws_aprendendo_ros2/src/meu_primeiro_pacote': PYTHONPATH=/home/robot/ws_aprendendo_ros2/src/build/meu_primeiro_pacote/prefix_override:/home/robot/ws_aprendendo_ros2/src/install/meu_primeiro_pacote/lib/python3.10/site-packages:${PYTHONPATH} /usr/bin/python3 setup.py egg_info --egg-base ../build/meu_primeiro_pacote build --build-base /home/robot/ws_aprendendo_ros2/src/build/meu_primeiro_pacote/build install --record /home/robot/ws_aprendendo_ros2/src/build/meu_primeiro_pacote/install.log --single-version-externally-managed
[1.592s] running egg_info
[1.594s] writing ../build/meu_primeiro_pacote/meu_primeiro_pacote.egg-info/PKG-INFO
[1.595s] writing dependency_links to ../build/meu_primeiro_pacote/meu_primeiro_pacote.egg-info/dependency_links.txt
[1.596s] writing entry points to ../build/meu_primeiro_pacote/meu_primeiro_pacote.egg-info/entry_points.txt
[1.598s] writing requirements to ../build/meu_primeiro_pacote/meu_primeiro_pacote.egg-info/requires.txt
[1.599s] writing top-level names to ../build/meu_primeiro_pacote/meu_primeiro_pacote.egg-info/top_level.txt
[1.602s] reading manifest file '../build/meu_primeiro_pacote/meu_primeiro_pacote.egg-info/SOURCES.txt'
[1.605s] writing manifest file '../build/meu_primeiro_pacote/meu_primeiro_pacote.egg-info/SOURCES.txt'
[1.606s] running build
[1.607s] running build_py
[1.608s] running install
[1.609s] running install_lib
[1.612s] running install_data
[1.613s] running install_egg_info
[1.616s] removing '/home/robot/ws_aprendendo_ros2/src/install/meu_primeiro_pacote/lib/python3.10/site-packages/meu_primeiro_pacote-0.0.0-py3.10.egg-info' (and everything under it)
[1.625s] Copying ../build/meu_primeiro_pacote/meu_primeiro_pacote.egg-info to /home/robot/ws_aprendendo_ros2/src/install/meu_primeiro_pacote/lib/python3.10/site-packages/meu_primeiro_pacote-0.0.0-py3.10.egg-info
[1.634s] running install_scripts
[1.665s] Installing listener script to /home/robot/ws_aprendendo_ros2/src/install/meu_primeiro_pacote/lib/meu_primeiro_pacote
[1.666s] Installing meu_primeiro_no = meu_primeiro_pacote.no_simples:mainno script to /home/robot/ws_aprendendo_ros2/src/install/meu_primeiro_pacote/lib/meu_primeiro_pacote
[1.667s] Installing r2d2 script to /home/robot/ws_aprendendo_ros2/src/install/meu_primeiro_pacote/lib/meu_primeiro_pacote
[1.669s] Installing talker script to /home/robot/ws_aprendendo_ros2/src/install/meu_primeiro_pacote/lib/meu_primeiro_pacote
[1.670s] writing list of installed files to '/home/robot/ws_aprendendo_ros2/src/build/meu_primeiro_pacote/install.log'
[1.703s] Invoked command in '/home/robot/ws_aprendendo_ros2/src/meu_primeiro_pacote' returned '0': PYTHONPATH=/home/robot/ws_aprendendo_ros2/src/build/meu_primeiro_pacote/prefix_override:/home/robot/ws_aprendendo_ros2/src/install/meu_primeiro_pacote/lib/python3.10/site-packages:${PYTHONPATH} /usr/bin/python3 setup.py egg_info --egg-base ../build/meu_primeiro_pacote build --build-base /home/robot/ws_aprendendo_ros2/src/build/meu_primeiro_pacote/build install --record /home/robot/ws_aprendendo_ros2/src/build/meu_primeiro_pacote/install.log --single-version-externally-managed
